Running: C:\Xilinx\14.2\ISE_DS\ISE\bin\nt64\unwrapped\fuse.exe -intstyle ise -incremental -lib unisims_ver -lib unimacro_ver -lib xilinxcorelib_ver -lib secureip -o C:/Users/ssshahin/Desktop/12_11v2/12_11v2/Project_Base/test_FULLFFT_isim_beh.exe -prj C:/Users/ssshahin/Desktop/12_11v2/12_11v2/Project_Base/test_FULLFFT_beh.prj work.test_FULLFFT work.glbl 
ISim P.28xd (signature 0xa0883be4)
Number of CPUs detected in this system: 4
Turning on mult-threading, number of parallel sub-compilation jobs: 8 
Determining compilation order of HDL files
Analyzing Verilog file "C:/Users/ssshahin/Desktop/12_11v2/12_11v2/Project_Base/ipcore_dir/fft_8192.v" into library work
Analyzing Verilog file "C:/Users/ssshahin/Desktop/12_11v2/12_11v2/Project_Base/test_FULLFFT.v" into library work
Analyzing Verilog file "C:/Xilinx/14.2/ISE_DS/ISE//verilog/src/glbl.v" into library work
WARNING:HDLCompiler:687 - "C:/Xilinx/14.2/ISE_DS/ISE//verilog/src/glbl.v" Line 5: Illegal redeclaration of module <glbl>.
Starting static elaboration
WARNING:HDLCompiler:1007 - "N:/P.28xd/rtf/verilog/src/unisims/RAMB18E1.v" Line 1339: Element index 1 into memp is out of bounds
WARNING:HDLCompiler:1007 - "N:/P.28xd/rtf/verilog/src/unisims/RAMB18E1.v" Line 1343: Element index 2 into memp is out of bounds
WARNING:HDLCompiler:1007 - "N:/P.28xd/rtf/verilog/src/unisims/RAMB18E1.v" Line 1347: Element index 3 into memp is out of bounds
WARNING:HDLCompiler:1007 - "N:/P.28xd/rtf/verilog/src/unisims/RAMB18E1.v" Line 1351: Element index 4 into memp is out of bounds
WARNING:HDLCompiler:1007 - "N:/P.28xd/rtf/verilog/src/unisims/RAMB18E1.v" Line 1355: Element index 5 into memp is out of bounds
WARNING:HDLCompiler:1007 - "N:/P.28xd/rtf/verilog/src/unisims/RAMB18E1.v" Line 1359: Element index 6 into memp is out of bounds
WARNING:HDLCompiler:1007 - "N:/P.28xd/rtf/verilog/src/unisims/RAMB18E1.v" Line 1363: Element index 7 into memp is out of bounds
WARNING:HDLCompiler:1007 - "N:/P.28xd/rtf/verilog/src/unisims/RAMB18E1.v" Line 1460: Element index 1 into memp is out of bounds
WARNING:HDLCompiler:1007 - "N:/P.28xd/rtf/verilog/src/unisims/RAMB18E1.v" Line 1464: Element index 2 into memp is out of bounds
WARNING:HDLCompiler:1007 - "N:/P.28xd/rtf/verilog/src/unisims/RAMB18E1.v" Line 1468: Element index 3 into memp is out of bounds
WARNING:HDLCompiler:1007 - "N:/P.28xd/rtf/verilog/src/unisims/RAMB18E1.v" Line 1472: Element index 4 into memp is out of bounds
WARNING:HDLCompiler:1007 - "N:/P.28xd/rtf/verilog/src/unisims/RAMB18E1.v" Line 1476: Element index 5 into memp is out of bounds
WARNING:HDLCompiler:1007 - "N:/P.28xd/rtf/verilog/src/unisims/RAMB18E1.v" Line 1480: Element index 6 into memp is out of bounds
WARNING:HDLCompiler:1007 - "N:/P.28xd/rtf/verilog/src/unisims/RAMB18E1.v" Line 1484: Element index 7 into memp is out of bounds
WARNING:HDLCompiler:1007 - "N:/P.28xd/rtf/verilog/src/unisims/RAMB18E1.v" Line 1547: Element index 1 into memp is out of bounds
WARNING:HDLCompiler:1007 - "N:/P.28xd/rtf/verilog/src/unisims/RAMB18E1.v" Line 1569: Element index 1 into memp is out of bounds
WARNING:HDLCompiler:1007 - "N:/P.28xd/rtf/verilog/src/unisims/RAMB18E1.v" Line 1577: Element index 2 into memp is out of bounds
WARNING:HDLCompiler:1007 - "N:/P.28xd/rtf/verilog/src/unisims/RAMB18E1.v" Line 1585: Element index 3 into memp is out of bounds
WARNING:HDLCompiler:1007 - "N:/P.28xd/rtf/verilog/src/unisims/RAMB18E1.v" Line 1601: Element index 1 into memp is out of bounds
WARNING:HDLCompiler:1007 - "N:/P.28xd/rtf/verilog/src/unisims/RAMB18E1.v" Line 1605: Element index 2 into memp is out of bounds
WARNING:HDLCompiler:1007 - "N:/P.28xd/rtf/verilog/src/unisims/RAMB18E1.v" Line 1609: Element index 3 into memp is out of bounds
WARNING:HDLCompiler:1007 - "N:/P.28xd/rtf/verilog/src/unisims/RAMB18E1.v" Line 1613: Element index 4 into memp is out of bounds
WARNING:HDLCompiler:1007 - "N:/P.28xd/rtf/verilog/src/unisims/RAMB18E1.v" Line 1617: Element index 5 into memp is out of bounds
WARNING:HDLCompiler:1007 - "N:/P.28xd/rtf/verilog/src/unisims/RAMB18E1.v" Line 1621: Element index 6 into memp is out of bounds
WARNING:HDLCompiler:1007 - "N:/P.28xd/rtf/verilog/src/unisims/RAMB18E1.v" Line 1625: Element index 7 into memp is out of bounds
WARNING:HDLCompiler:1007 - "N:/P.28xd/rtf/verilog/src/unisims/RAMB18E1.v" Line 1688: Element index 1 into memp is out of bounds
WARNING:HDLCompiler:1007 - "N:/P.28xd/rtf/verilog/src/unisims/RAMB18E1.v" Line 1710: Element index 1 into memp is out of bounds
WARNING:HDLCompiler:1007 - "N:/P.28xd/rtf/verilog/src/unisims/RAMB18E1.v" Line 1718: Element index 2 into memp is out of bounds
WARNING:HDLCompiler:1007 - "N:/P.28xd/rtf/verilog/src/unisims/RAMB18E1.v" Line 1726: Element index 3 into memp is out of bounds
WARNING:HDLCompiler:1007 - "N:/P.28xd/rtf/verilog/src/unisims/RAMB18E1.v" Line 1742: Element index 1 into memp is out of bounds
WARNING:HDLCompiler:1007 - "N:/P.28xd/rtf/verilog/src/unisims/RAMB18E1.v" Line 1746: Element index 2 into memp is out of bounds
WARNING:HDLCompiler:1007 - "N:/P.28xd/rtf/verilog/src/unisims/RAMB18E1.v" Line 1750: Element index 3 into memp is out of bounds
WARNING:HDLCompiler:1007 - "N:/P.28xd/rtf/verilog/src/unisims/RAMB18E1.v" Line 1754: Element index 4 into memp is out of bounds
WARNING:HDLCompiler:1007 - "N:/P.28xd/rtf/verilog/src/unisims/RAMB18E1.v" Line 1758: Element index 5 into memp is out of bounds
WARNING:HDLCompiler:1007 - "N:/P.28xd/rtf/verilog/src/unisims/RAMB18E1.v" Line 1762: Element index 6 into memp is out of bounds
WARNING:HDLCompiler:1007 - "N:/P.28xd/rtf/verilog/src/unisims/RAMB18E1.v" Line 1766: Element index 7 into memp is out of bounds
WARNING:HDLCompiler:1007 - "N:/P.28xd/rtf/verilog/src/unisims/RAMB18E1.v" Line 1810: Element index 1 into memp is out of bounds
WARNING:HDLCompiler:1007 - "N:/P.28xd/rtf/verilog/src/unisims/RAMB18E1.v" Line 1821: Element index 1 into memp is out of bounds
WARNING:HDLCompiler:1007 - "N:/P.28xd/rtf/verilog/src/unisims/RAMB18E1.v" Line 1822: Element index 2 into memp is out of bounds
WARNING:HDLCompiler:1007 - "N:/P.28xd/rtf/verilog/src/unisims/RAMB18E1.v" Line 1823: Element index 3 into memp is out of bounds
WARNING:HDLCompiler:1007 - "N:/P.28xd/rtf/verilog/src/unisims/RAMB18E1.v" Line 1862: Element index 1 into memp is out of bounds
WARNING:HDLCompiler:1007 - "N:/P.28xd/rtf/verilog/src/unisims/RAMB18E1.v" Line 1874: Element index 1 into memp is out of bounds
WARNING:HDLCompiler:1007 - "N:/P.28xd/rtf/verilog/src/unisims/RAMB18E1.v" Line 1875: Element index 2 into memp is out of bounds
WARNING:HDLCompiler:1007 - "N:/P.28xd/rtf/verilog/src/unisims/RAMB18E1.v" Line 1876: Element index 3 into memp is out of bounds
WARNING:HDLCompiler:1007 - "N:/P.28xd/rtf/verilog/src/unisims/RAMB18E1.v" Line 1889: Element index 1 into memp is out of bounds
WARNING:HDLCompiler:1007 - "N:/P.28xd/rtf/verilog/src/unisims/RAMB18E1.v" Line 1890: Element index 2 into memp is out of bounds
WARNING:HDLCompiler:1007 - "N:/P.28xd/rtf/verilog/src/unisims/RAMB18E1.v" Line 1891: Element index 3 into memp is out of bounds
WARNING:HDLCompiler:1007 - "N:/P.28xd/rtf/verilog/src/unisims/RAMB18E1.v" Line 1892: Element index 4 into memp is out of bounds
WARNING:HDLCompiler:1007 - "N:/P.28xd/rtf/verilog/src/unisims/RAMB18E1.v" Line 1893: Element index 5 into memp is out of bounds
WARNING:HDLCompiler:1007 - "N:/P.28xd/rtf/verilog/src/unisims/RAMB18E1.v" Line 1894: Element index 6 into memp is out of bounds
WARNING:HDLCompiler:1007 - "N:/P.28xd/rtf/verilog/src/unisims/RAMB18E1.v" Line 1895: Element index 7 into memp is out of bounds
WARNING:HDLCompiler:1007 - "N:/P.28xd/rtf/verilog/src/unisims/RAMB18E1.v" Line 1963: Element index 15 into mem is out of bounds
WARNING:HDLCompiler:1007 - "N:/P.28xd/rtf/verilog/src/unisims/RAMB18E1.v" Line 1964: Element index 1 into memp is out of bounds
WARNING:HDLCompiler:1007 - "N:/P.28xd/rtf/verilog/src/unisims/RAMB18E1.v" Line 1984: Element index 15 into mem is out of bounds
WARNING:HDLCompiler:1007 - "N:/P.28xd/rtf/verilog/src/unisims/RAMB18E1.v" Line 1985: Element index 1 into memp is out of bounds
WARNING:HDLCompiler:1007 - "N:/P.28xd/rtf/verilog/src/unisims/RAMB18E1.v" Line 1990: Element index 23 into mem is out of bounds
WARNING:HDLCompiler:1007 - "N:/P.28xd/rtf/verilog/src/unisims/RAMB18E1.v" Line 1991: Element index 2 into memp is out of bounds
WARNING:HDLCompiler:1007 - "N:/P.28xd/rtf/verilog/src/unisims/RAMB18E1.v" Line 1996: Element index 31 into mem is out of bounds
WARNING:HDLCompiler:1007 - "N:/P.28xd/rtf/verilog/src/unisims/RAMB18E1.v" Line 1997: Element index 3 into memp is out of bounds
WARNING:HDLCompiler:1007 - "N:/P.28xd/rtf/verilog/src/unisims/RAMB18E1.v" Line 2012: Element index 15 into mem is out of bounds
WARNING:HDLCompiler:1007 - "N:/P.28xd/rtf/verilog/src/unisims/RAMB18E1.v" Line 2013: Element index 1 into memp is out of bounds
WARNING:HDLCompiler:1007 - "N:/P.28xd/rtf/verilog/src/unisims/RAMB18E1.v" Line 2018: Element index 23 into mem is out of bounds
WARNING:HDLCompiler:1007 - "N:/P.28xd/rtf/verilog/src/unisims/RAMB18E1.v" Line 2019: Element index 2 into memp is out of bounds
WARNING:HDLCompiler:1007 - "N:/P.28xd/rtf/verilog/src/unisims/RAMB18E1.v" Line 2024: Element index 31 into mem is out of bounds
WARNING:HDLCompiler:1007 - "N:/P.28xd/rtf/verilog/src/unisims/RAMB18E1.v" Line 2025: Element index 3 into memp is out of bounds
WARNING:HDLCompiler:1007 - "N:/P.28xd/rtf/verilog/src/unisims/RAMB18E1.v" Line 2030: Element index 39 into mem is out of bounds
WARNING:HDLCompiler:1007 - "N:/P.28xd/rtf/verilog/src/unisims/RAMB18E1.v" Line 2031: Element index 4 into memp is out of bounds
WARNING:HDLCompiler:1007 - "N:/P.28xd/rtf/verilog/src/unisims/RAMB18E1.v" Line 2036: Element index 47 into mem is out of bounds
WARNING:HDLCompiler:1007 - "N:/P.28xd/rtf/verilog/src/unisims/RAMB18E1.v" Line 2037: Element index 5 into memp is out of bounds
WARNING:HDLCompiler:1007 - "N:/P.28xd/rtf/verilog/src/unisims/RAMB18E1.v" Line 2042: Element index 55 into mem is out of bounds
WARNING:HDLCompiler:1007 - "N:/P.28xd/rtf/verilog/src/unisims/RAMB18E1.v" Line 2043: Element index 6 into memp is out of bounds
WARNING:HDLCompiler:1007 - "N:/P.28xd/rtf/verilog/src/unisims/RAMB18E1.v" Line 2048: Element index 63 into mem is out of bounds
WARNING:HDLCompiler:1007 - "N:/P.28xd/rtf/verilog/src/unisims/RAMB18E1.v" Line 2049: Element index 7 into memp is out of bounds
WARNING:HDLCompiler:1007 - "N:/P.28xd/rtf/verilog/src/unisims/RAMB18E1.v" Line 2123: Element index 15 into mem is out of bounds
WARNING:HDLCompiler:1007 - "N:/P.28xd/rtf/verilog/src/unisims/RAMB18E1.v" Line 2124: Element index 1 into memp is out of bounds
WARNING:HDLCompiler:1007 - "N:/P.28xd/rtf/verilog/src/unisims/RAMB18E1.v" Line 2151: Element index 15 into mem is out of bounds
WARNING:HDLCompiler:1007 - "N:/P.28xd/rtf/verilog/src/unisims/RAMB18E1.v" Line 2152: Element index 1 into memp is out of bounds
WARNING:HDLCompiler:1007 - "N:/P.28xd/rtf/verilog/src/unisims/RAMB18E1.v" Line 2164: Element index 23 into mem is out of bounds
WARNING:HDLCompiler:1007 - "N:/P.28xd/rtf/verilog/src/unisims/RAMB18E1.v" Line 2165: Element index 2 into memp is out of bounds
WARNING:HDLCompiler:1007 - "N:/P.28xd/rtf/verilog/src/unisims/RAMB18E1.v" Line 2177: Element index 31 into mem is out of bounds
WARNING:HDLCompiler:1007 - "N:/P.28xd/rtf/verilog/src/unisims/RAMB18E1.v" Line 2178: Element index 3 into memp is out of bounds
WARNING:HDLCompiler:1007 - "N:/P.28xd/rtf/verilog/src/unisims/RAMB18E1.v" Line 2196: Element index 15 into mem is out of bounds
WARNING:HDLCompiler:1007 - "N:/P.28xd/rtf/verilog/src/unisims/RAMB18E1.v" Line 2197: Element index 1 into memp is out of bounds
WARNING:HDLCompiler:1007 - "N:/P.28xd/rtf/verilog/src/unisims/RAMB18E1.v" Line 2202: Element index 23 into mem is out of bounds
WARNING:HDLCompiler:1007 - "N:/P.28xd/rtf/verilog/src/unisims/RAMB18E1.v" Line 2203: Element index 2 into memp is out of bounds
WARNING:HDLCompiler:1007 - "N:/P.28xd/rtf/verilog/src/unisims/RAMB18E1.v" Line 2208: Element index 31 into mem is out of bounds
WARNING:HDLCompiler:1007 - "N:/P.28xd/rtf/verilog/src/unisims/RAMB18E1.v" Line 2209: Element index 3 into memp is out of bounds
WARNING:HDLCompiler:1007 - "N:/P.28xd/rtf/verilog/src/unisims/RAMB18E1.v" Line 2214: Element index 39 into mem is out of bounds
WARNING:HDLCompiler:1007 - "N:/P.28xd/rtf/verilog/src/unisims/RAMB18E1.v" Line 2215: Element index 4 into memp is out of bounds
WARNING:HDLCompiler:1007 - "N:/P.28xd/rtf/verilog/src/unisims/RAMB18E1.v" Line 2220: Element index 47 into mem is out of bounds
WARNING:HDLCompiler:1007 - "N:/P.28xd/rtf/verilog/src/unisims/RAMB18E1.v" Line 2221: Element index 5 into memp is out of bounds
WARNING:HDLCompiler:1007 - "N:/P.28xd/rtf/verilog/src/unisims/RAMB18E1.v" Line 2226: Element index 55 into mem is out of bounds
WARNING:HDLCompiler:1007 - "N:/P.28xd/rtf/verilog/src/unisims/RAMB18E1.v" Line 2227: Element index 6 into memp is out of bounds
WARNING:HDLCompiler:1007 - "N:/P.28xd/rtf/verilog/src/unisims/RAMB18E1.v" Line 2232: Element index 63 into mem is out of bounds
WARNING:HDLCompiler:1007 - "N:/P.28xd/rtf/verilog/src/unisims/RAMB18E1.v" Line 2233: Element index 7 into memp is out of bounds
WARNING:HDLCompiler:1007 - "N:/P.28xd/rtf/verilog/src/unisims/RAMB36E1.v" Line 1652: Element index 2 into memp is out of bounds
WARNING:HDLCompiler:1007 - "N:/P.28xd/rtf/verilog/src/unisims/RAMB36E1.v" Line 1656: Element index 3 into memp is out of bounds
WARNING:HDLCompiler:1007 - "N:/P.28xd/rtf/verilog/src/unisims/RAMB36E1.v" Line 1660: Element index 4 into memp is out of bounds
WARNING:HDLCompiler:1007 - "N:/P.28xd/rtf/verilog/src/unisims/RAMB36E1.v" Line 1664: Element index 5 into memp is out of bounds
WARNING:HDLCompiler:1007 - "N:/P.28xd/rtf/verilog/src/unisims/RAMB36E1.v" Line 1668: Element index 6 into memp is out of bounds
WARNING:HDLCompiler:1007 - "N:/P.28xd/rtf/verilog/src/unisims/RAMB36E1.v" Line 1672: Element index 7 into memp is out of bounds
WARNING:HDLCompiler:1007 - "N:/P.28xd/rtf/verilog/src/unisims/RAMB36E1.v" Line 1773: Element index 2 into memp is out of bounds
WARNING:HDLCompiler:1007 - "N:/P.28xd/rtf/verilog/src/unisims/RAMB36E1.v" Line 1777: Element index 3 into memp is out of bounds
WARNING:HDLCompiler:1007 - "N:/P.28xd/rtf/verilog/src/unisims/RAMB36E1.v" Line 1781: Element index 4 into memp is out of bounds
WARNING:HDLCompiler:1007 - "N:/P.28xd/rtf/verilog/src/unisims/RAMB36E1.v" Line 1785: Element index 5 into memp is out of bounds
WARNING:HDLCompiler:1007 - "N:/P.28xd/rtf/verilog/src/unisims/RAMB36E1.v" Line 1789: Element index 6 into memp is out of bounds
WARNING:HDLCompiler:1007 - "N:/P.28xd/rtf/verilog/src/unisims/RAMB36E1.v" Line 1793: Element index 7 into memp is out of bounds
WARNING:HDLCompiler:1007 - "N:/P.28xd/rtf/verilog/src/unisims/RAMB36E1.v" Line 1886: Element index 2 into memp is out of bounds
WARNING:HDLCompiler:1007 - "N:/P.28xd/rtf/verilog/src/unisims/RAMB36E1.v" Line 1894: Element index 3 into memp is out of bounds
WARNING:HDLCompiler:1007 - "N:/P.28xd/rtf/verilog/src/unisims/RAMB36E1.v" Line 1914: Element index 2 into memp is out of bounds
WARNING:HDLCompiler:1007 - "N:/P.28xd/rtf/verilog/src/unisims/RAMB36E1.v" Line 1918: Element index 3 into memp is out of bounds
WARNING:HDLCompiler:1007 - "N:/P.28xd/rtf/verilog/src/unisims/RAMB36E1.v" Line 1922: Element index 4 into memp is out of bounds
WARNING:HDLCompiler:1007 - "N:/P.28xd/rtf/verilog/src/unisims/RAMB36E1.v" Line 1926: Element index 5 into memp is out of bounds
WARNING:HDLCompiler:1007 - "N:/P.28xd/rtf/verilog/src/unisims/RAMB36E1.v" Line 1930: Element index 6 into memp is out of bounds
WARNING:HDLCompiler:1007 - "N:/P.28xd/rtf/verilog/src/unisims/RAMB36E1.v" Line 1934: Element index 7 into memp is out of bounds
WARNING:HDLCompiler:1007 - "N:/P.28xd/rtf/verilog/src/unisims/RAMB36E1.v" Line 2027: Element index 2 into memp is out of bounds
WARNING:HDLCompiler:1007 - "N:/P.28xd/rtf/verilog/src/unisims/RAMB36E1.v" Line 2035: Element index 3 into memp is out of bounds
WARNING:HDLCompiler:1007 - "N:/P.28xd/rtf/verilog/src/unisims/RAMB36E1.v" Line 2055: Element index 2 into memp is out of bounds
WARNING:HDLCompiler:1007 - "N:/P.28xd/rtf/verilog/src/unisims/RAMB36E1.v" Line 2059: Element index 3 into memp is out of bounds
WARNING:HDLCompiler:1007 - "N:/P.28xd/rtf/verilog/src/unisims/RAMB36E1.v" Line 2063: Element index 4 into memp is out of bounds
WARNING:HDLCompiler:1007 - "N:/P.28xd/rtf/verilog/src/unisims/RAMB36E1.v" Line 2067: Element index 5 into memp is out of bounds
WARNING:HDLCompiler:1007 - "N:/P.28xd/rtf/verilog/src/unisims/RAMB36E1.v" Line 2071: Element index 6 into memp is out of bounds
WARNING:HDLCompiler:1007 - "N:/P.28xd/rtf/verilog/src/unisims/RAMB36E1.v" Line 2075: Element index 7 into memp is out of bounds
WARNING:HDLCompiler:1007 - "N:/P.28xd/rtf/verilog/src/unisims/RAMB36E1.v" Line 2131: Element index 2 into memp is out of bounds
WARNING:HDLCompiler:1007 - "N:/P.28xd/rtf/verilog/src/unisims/RAMB36E1.v" Line 2132: Element index 3 into memp is out of bounds
WARNING:HDLCompiler:1007 - "N:/P.28xd/rtf/verilog/src/unisims/RAMB36E1.v" Line 2184: Element index 2 into memp is out of bounds
WARNING:HDLCompiler:1007 - "N:/P.28xd/rtf/verilog/src/unisims/RAMB36E1.v" Line 2185: Element index 3 into memp is out of bounds
WARNING:HDLCompiler:1007 - "N:/P.28xd/rtf/verilog/src/unisims/RAMB36E1.v" Line 2199: Element index 2 into memp is out of bounds
WARNING:HDLCompiler:1007 - "N:/P.28xd/rtf/verilog/src/unisims/RAMB36E1.v" Line 2200: Element index 3 into memp is out of bounds
WARNING:HDLCompiler:1007 - "N:/P.28xd/rtf/verilog/src/unisims/RAMB36E1.v" Line 2201: Element index 4 into memp is out of bounds
WARNING:HDLCompiler:1007 - "N:/P.28xd/rtf/verilog/src/unisims/RAMB36E1.v" Line 2202: Element index 5 into memp is out of bounds
WARNING:HDLCompiler:1007 - "N:/P.28xd/rtf/verilog/src/unisims/RAMB36E1.v" Line 2203: Element index 6 into memp is out of bounds
WARNING:HDLCompiler:1007 - "N:/P.28xd/rtf/verilog/src/unisims/RAMB36E1.v" Line 2204: Element index 7 into memp is out of bounds
WARNING:HDLCompiler:1007 - "N:/P.28xd/rtf/verilog/src/unisims/RAMB36E1.v" Line 2299: Element index 23 into mem is out of bounds
WARNING:HDLCompiler:1007 - "N:/P.28xd/rtf/verilog/src/unisims/RAMB36E1.v" Line 2300: Element index 2 into memp is out of bounds
WARNING:HDLCompiler:1007 - "N:/P.28xd/rtf/verilog/src/unisims/RAMB36E1.v" Line 2305: Element index 31 into mem is out of bounds
WARNING:HDLCompiler:1007 - "N:/P.28xd/rtf/verilog/src/unisims/RAMB36E1.v" Line 2306: Element index 3 into memp is out of bounds
WARNING:HDLCompiler:1007 - "N:/P.28xd/rtf/verilog/src/unisims/RAMB36E1.v" Line 2327: Element index 23 into mem is out of bounds
WARNING:HDLCompiler:1007 - "N:/P.28xd/rtf/verilog/src/unisims/RAMB36E1.v" Line 2328: Element index 2 into memp is out of bounds
WARNING:HDLCompiler:1007 - "N:/P.28xd/rtf/verilog/src/unisims/RAMB36E1.v" Line 2333: Element index 31 into mem is out of bounds
WARNING:HDLCompiler:1007 - "N:/P.28xd/rtf/verilog/src/unisims/RAMB36E1.v" Line 2334: Element index 3 into memp is out of bounds
WARNING:HDLCompiler:1007 - "N:/P.28xd/rtf/verilog/src/unisims/RAMB36E1.v" Line 2339: Element index 39 into mem is out of bounds
WARNING:HDLCompiler:1007 - "N:/P.28xd/rtf/verilog/src/unisims/RAMB36E1.v" Line 2340: Element index 4 into memp is out of bounds
WARNING:HDLCompiler:1007 - "N:/P.28xd/rtf/verilog/src/unisims/RAMB36E1.v" Line 2345: Element index 47 into mem is out of bounds
WARNING:HDLCompiler:1007 - "N:/P.28xd/rtf/verilog/src/unisims/RAMB36E1.v" Line 2346: Element index 5 into memp is out of bounds
WARNING:HDLCompiler:1007 - "N:/P.28xd/rtf/verilog/src/unisims/RAMB36E1.v" Line 2351: Element index 55 into mem is out of bounds
WARNING:HDLCompiler:1007 - "N:/P.28xd/rtf/verilog/src/unisims/RAMB36E1.v" Line 2352: Element index 6 into memp is out of bounds
WARNING:HDLCompiler:1007 - "N:/P.28xd/rtf/verilog/src/unisims/RAMB36E1.v" Line 2357: Element index 63 into mem is out of bounds
WARNING:HDLCompiler:1007 - "N:/P.28xd/rtf/verilog/src/unisims/RAMB36E1.v" Line 2358: Element index 7 into memp is out of bounds
WARNING:HDLCompiler:1007 - "N:/P.28xd/rtf/verilog/src/unisims/RAMB36E1.v" Line 2473: Element index 23 into mem is out of bounds
WARNING:HDLCompiler:1007 - "N:/P.28xd/rtf/verilog/src/unisims/RAMB36E1.v" Line 2474: Element index 2 into memp is out of bounds
WARNING:HDLCompiler:1007 - "N:/P.28xd/rtf/verilog/src/unisims/RAMB36E1.v" Line 2486: Element index 31 into mem is out of bounds
WARNING:HDLCompiler:1007 - "N:/P.28xd/rtf/verilog/src/unisims/RAMB36E1.v" Line 2487: Element index 3 into memp is out of bounds
WARNING:HDLCompiler:1007 - "N:/P.28xd/rtf/verilog/src/unisims/RAMB36E1.v" Line 2511: Element index 23 into mem is out of bounds
WARNING:HDLCompiler:1007 - "N:/P.28xd/rtf/verilog/src/unisims/RAMB36E1.v" Line 2512: Element index 2 into memp is out of bounds
WARNING:HDLCompiler:1007 - "N:/P.28xd/rtf/verilog/src/unisims/RAMB36E1.v" Line 2517: Element index 31 into mem is out of bounds
WARNING:HDLCompiler:1007 - "N:/P.28xd/rtf/verilog/src/unisims/RAMB36E1.v" Line 2518: Element index 3 into memp is out of bounds
WARNING:HDLCompiler:1007 - "N:/P.28xd/rtf/verilog/src/unisims/RAMB36E1.v" Line 2523: Element index 39 into mem is out of bounds
WARNING:HDLCompiler:1007 - "N:/P.28xd/rtf/verilog/src/unisims/RAMB36E1.v" Line 2524: Element index 4 into memp is out of bounds
WARNING:HDLCompiler:1007 - "N:/P.28xd/rtf/verilog/src/unisims/RAMB36E1.v" Line 2529: Element index 47 into mem is out of bounds
WARNING:HDLCompiler:1007 - "N:/P.28xd/rtf/verilog/src/unisims/RAMB36E1.v" Line 2530: Element index 5 into memp is out of bounds
WARNING:HDLCompiler:1007 - "N:/P.28xd/rtf/verilog/src/unisims/RAMB36E1.v" Line 2535: Element index 55 into mem is out of bounds
WARNING:HDLCompiler:1007 - "N:/P.28xd/rtf/verilog/src/unisims/RAMB36E1.v" Line 2536: Element index 6 into memp is out of bounds
WARNING:HDLCompiler:1007 - "N:/P.28xd/rtf/verilog/src/unisims/RAMB36E1.v" Line 2541: Element index 63 into mem is out of bounds
WARNING:HDLCompiler:1007 - "N:/P.28xd/rtf/verilog/src/unisims/RAMB36E1.v" Line 2542: Element index 7 into memp is out of bounds
WARNING:HDLCompiler:1007 - "N:/P.28xd/rtf/verilog/src/unisims/ARAMB36_INTERNAL.v" Line 1171: Element index 7 into mem is out of bounds
WARNING:HDLCompiler:1007 - "N:/P.28xd/rtf/verilog/src/unisims/ARAMB36_INTERNAL.v" Line 1183: Element index 15 into mem is out of bounds
WARNING:HDLCompiler:1007 - "N:/P.28xd/rtf/verilog/src/unisims/ARAMB36_INTERNAL.v" Line 1198: Element index 7 into mem is out of bounds
WARNING:HDLCompiler:1007 - "N:/P.28xd/rtf/verilog/src/unisims/ARAMB36_INTERNAL.v" Line 1204: Element index 15 into mem is out of bounds
WARNING:HDLCompiler:1007 - "N:/P.28xd/rtf/verilog/src/unisims/ARAMB36_INTERNAL.v" Line 1210: Element index 23 into mem is out of bounds
WARNING:HDLCompiler:1007 - "N:/P.28xd/rtf/verilog/src/unisims/ARAMB36_INTERNAL.v" Line 1216: Element index 31 into mem is out of bounds
WARNING:HDLCompiler:1007 - "N:/P.28xd/rtf/verilog/src/unisims/ARAMB36_INTERNAL.v" Line 1226: Element index 7 into mem is out of bounds
WARNING:HDLCompiler:1007 - "N:/P.28xd/rtf/verilog/src/unisims/ARAMB36_INTERNAL.v" Line 1232: Element index 15 into mem is out of bounds
WARNING:HDLCompiler:1007 - "N:/P.28xd/rtf/verilog/src/unisims/ARAMB36_INTERNAL.v" Line 1238: Element index 23 into mem is out of bounds
WARNING:HDLCompiler:1007 - "N:/P.28xd/rtf/verilog/src/unisims/ARAMB36_INTERNAL.v" Line 1244: Element index 31 into mem is out of bounds
WARNING:HDLCompiler:1007 - "N:/P.28xd/rtf/verilog/src/unisims/ARAMB36_INTERNAL.v" Line 1250: Element index 39 into mem is out of bounds
WARNING:HDLCompiler:1007 - "N:/P.28xd/rtf/verilog/src/unisims/ARAMB36_INTERNAL.v" Line 1256: Element index 47 into mem is out of bounds
WARNING:HDLCompiler:1007 - "N:/P.28xd/rtf/verilog/src/unisims/ARAMB36_INTERNAL.v" Line 1262: Element index 55 into mem is out of bounds
WARNING:HDLCompiler:1007 - "N:/P.28xd/rtf/verilog/src/unisims/ARAMB36_INTERNAL.v" Line 1268: Element index 63 into mem is out of bounds
WARNING:HDLCompiler:1007 - "N:/P.28xd/rtf/verilog/src/unisims/ARAMB36_INTERNAL.v" Line 1329: Element index 7 into mem is out of bounds
WARNING:HDLCompiler:1007 - "N:/P.28xd/rtf/verilog/src/unisims/ARAMB36_INTERNAL.v" Line 1343: Element index 15 into mem is out of bounds
WARNING:HDLCompiler:1007 - "N:/P.28xd/rtf/verilog/src/unisims/ARAMB36_INTERNAL.v" Line 1358: Element index 7 into mem is out of bounds
WARNING:HDLCompiler:1007 - "N:/P.28xd/rtf/verilog/src/unisims/ARAMB36_INTERNAL.v" Line 1364: Element index 15 into mem is out of bounds
WARNING:HDLCompiler:1007 - "N:/P.28xd/rtf/verilog/src/unisims/ARAMB36_INTERNAL.v" Line 1370: Element index 23 into mem is out of bounds
WARNING:HDLCompiler:1007 - "N:/P.28xd/rtf/verilog/src/unisims/ARAMB36_INTERNAL.v" Line 1376: Element index 31 into mem is out of bounds
WARNING:HDLCompiler:1007 - "N:/P.28xd/rtf/verilog/src/unisims/ARAMB36_INTERNAL.v" Line 1386: Element index 7 into mem is out of bounds
WARNING:HDLCompiler:1007 - "N:/P.28xd/rtf/verilog/src/unisims/ARAMB36_INTERNAL.v" Line 1392: Element index 15 into mem is out of bounds
WARNING:HDLCompiler:1007 - "N:/P.28xd/rtf/verilog/src/unisims/ARAMB36_INTERNAL.v" Line 1398: Element index 23 into mem is out of bounds
WARNING:HDLCompiler:1007 - "N:/P.28xd/rtf/verilog/src/unisims/ARAMB36_INTERNAL.v" Line 1404: Element index 31 into mem is out of bounds
WARNING:HDLCompiler:1007 - "N:/P.28xd/rtf/verilog/src/unisims/ARAMB36_INTERNAL.v" Line 1410: Element index 39 into mem is out of bounds
WARNING:HDLCompiler:1007 - "N:/P.28xd/rtf/verilog/src/unisims/ARAMB36_INTERNAL.v" Line 1416: Element index 47 into mem is out of bounds
WARNING:HDLCompiler:1007 - "N:/P.28xd/rtf/verilog/src/unisims/ARAMB36_INTERNAL.v" Line 1422: Element index 55 into mem is out of bounds
WARNING:HDLCompiler:1007 - "N:/P.28xd/rtf/verilog/src/unisims/ARAMB36_INTERNAL.v" Line 1428: Element index 63 into mem is out of bounds
WARNING:HDLCompiler:1007 - "N:/P.28xd/rtf/verilog/src/unisims/ARAMB36_INTERNAL.v" Line 2580: Element index 7 into dopb_buf is out of bounds
WARNING:HDLCompiler:1007 - "N:/P.28xd/rtf/verilog/src/unisims/ARAMB36_INTERNAL.v" Line 921: Element index 1 into memp is out of bounds
WARNING:HDLCompiler:1007 - "N:/P.28xd/rtf/verilog/src/unisims/ARAMB36_INTERNAL.v" Line 936: Element index 1 into memp is out of bounds
WARNING:HDLCompiler:1007 - "N:/P.28xd/rtf/verilog/src/unisims/ARAMB36_INTERNAL.v" Line 940: Element index 2 into memp is out of bounds
WARNING:HDLCompiler:1007 - "N:/P.28xd/rtf/verilog/src/unisims/ARAMB36_INTERNAL.v" Line 944: Element index 3 into memp is out of bounds
WARNING:HDLCompiler:1007 - "N:/P.28xd/rtf/verilog/src/unisims/ARAMB36_INTERNAL.v" Line 956: Element index 1 into memp is out of bounds
WARNING:HDLCompiler:1007 - "N:/P.28xd/rtf/verilog/src/unisims/ARAMB36_INTERNAL.v" Line 960: Element index 2 into memp is out of bounds
WARNING:HDLCompiler:1007 - "N:/P.28xd/rtf/verilog/src/unisims/ARAMB36_INTERNAL.v" Line 964: Element index 3 into memp is out of bounds
WARNING:HDLCompiler:1007 - "N:/P.28xd/rtf/verilog/src/unisims/ARAMB36_INTERNAL.v" Line 968: Element index 4 into memp is out of bounds
WARNING:HDLCompiler:1007 - "N:/P.28xd/rtf/verilog/src/unisims/ARAMB36_INTERNAL.v" Line 972: Element index 5 into memp is out of bounds
WARNING:HDLCompiler:1007 - "N:/P.28xd/rtf/verilog/src/unisims/ARAMB36_INTERNAL.v" Line 976: Element index 6 into memp is out of bounds
WARNING:HDLCompiler:1007 - "N:/P.28xd/rtf/verilog/src/unisims/ARAMB36_INTERNAL.v" Line 980: Element index 7 into memp is out of bounds
WARNING:HDLCompiler:1007 - "N:/P.28xd/rtf/verilog/src/unisims/ARAMB36_INTERNAL.v" Line 1024: Element index 1 into memp is out of bounds
WARNING:HDLCompiler:1007 - "N:/P.28xd/rtf/verilog/src/unisims/ARAMB36_INTERNAL.v" Line 1035: Element index 1 into memp is out of bounds
WARNING:HDLCompiler:1007 - "N:/P.28xd/rtf/verilog/src/unisims/ARAMB36_INTERNAL.v" Line 1036: Element index 2 into memp is out of bounds
WARNING:HDLCompiler:1007 - "N:/P.28xd/rtf/verilog/src/unisims/ARAMB36_INTERNAL.v" Line 1037: Element index 3 into memp is out of bounds
WARNING:HDLCompiler:1007 - "N:/P.28xd/rtf/verilog/src/unisims/ARAMB36_INTERNAL.v" Line 1044: Element index 1 into memp is out of bounds
WARNING:HDLCompiler:1007 - "N:/P.28xd/rtf/verilog/src/unisims/ARAMB36_INTERNAL.v" Line 1045: Element index 2 into memp is out of bounds
WARNING:HDLCompiler:1007 - "N:/P.28xd/rtf/verilog/src/unisims/ARAMB36_INTERNAL.v" Line 1046: Element index 3 into memp is out of bounds
WARNING:HDLCompiler:1007 - "N:/P.28xd/rtf/verilog/src/unisims/ARAMB36_INTERNAL.v" Line 1047: Element index 4 into memp is out of bounds
WARNING:HDLCompiler:1007 - "N:/P.28xd/rtf/verilog/src/unisims/ARAMB36_INTERNAL.v" Line 1048: Element index 5 into memp is out of bounds
WARNING:HDLCompiler:1007 - "N:/P.28xd/rtf/verilog/src/unisims/ARAMB36_INTERNAL.v" Line 1049: Element index 6 into memp is out of bounds
WARNING:HDLCompiler:1007 - "N:/P.28xd/rtf/verilog/src/unisims/ARAMB36_INTERNAL.v" Line 1050: Element index 7 into memp is out of bounds
WARNING:HDLCompiler:1007 - "N:/P.28xd/rtf/verilog/src/unisims/ARAMB36_INTERNAL.v" Line 1090: Element index 1 into memp is out of bounds
WARNING:HDLCompiler:1007 - "N:/P.28xd/rtf/verilog/src/unisims/ARAMB36_INTERNAL.v" Line 1101: Element index 1 into memp is out of bounds
WARNING:HDLCompiler:1007 - "N:/P.28xd/rtf/verilog/src/unisims/ARAMB36_INTERNAL.v" Line 1102: Element index 2 into memp is out of bounds
WARNING:HDLCompiler:1007 - "N:/P.28xd/rtf/verilog/src/unisims/ARAMB36_INTERNAL.v" Line 1103: Element index 3 into memp is out of bounds
WARNING:HDLCompiler:1007 - "N:/P.28xd/rtf/verilog/src/unisims/ARAMB36_INTERNAL.v" Line 1109: Element index 1 into memp is out of bounds
WARNING:HDLCompiler:1007 - "N:/P.28xd/rtf/verilog/src/unisims/ARAMB36_INTERNAL.v" Line 1110: Element index 2 into memp is out of bounds
WARNING:HDLCompiler:1007 - "N:/P.28xd/rtf/verilog/src/unisims/ARAMB36_INTERNAL.v" Line 1111: Element index 3 into memp is out of bounds
WARNING:HDLCompiler:1007 - "N:/P.28xd/rtf/verilog/src/unisims/ARAMB36_INTERNAL.v" Line 1112: Element index 4 into memp is out of bounds
WARNING:HDLCompiler:1007 - "N:/P.28xd/rtf/verilog/src/unisims/ARAMB36_INTERNAL.v" Line 1113: Element index 5 into memp is out of bounds
WARNING:HDLCompiler:1007 - "N:/P.28xd/rtf/verilog/src/unisims/ARAMB36_INTERNAL.v" Line 1114: Element index 6 into memp is out of bounds
WARNING:HDLCompiler:1007 - "N:/P.28xd/rtf/verilog/src/unisims/ARAMB36_INTERNAL.v" Line 1115: Element index 7 into memp is out of bounds
WARNING:HDLCompiler:1007 - "N:/P.28xd/rtf/verilog/src/unisims/ARAMB36_INTERNAL.v" Line 1184: Element index 1 into memp is out of bounds
WARNING:HDLCompiler:1007 - "N:/P.28xd/rtf/verilog/src/unisims/ARAMB36_INTERNAL.v" Line 1205: Element index 1 into memp is out of bounds
WARNING:HDLCompiler:1007 - "N:/P.28xd/rtf/verilog/src/unisims/ARAMB36_INTERNAL.v" Line 1211: Element index 2 into memp is out of bounds
WARNING:HDLCompiler:1007 - "N:/P.28xd/rtf/verilog/src/unisims/ARAMB36_INTERNAL.v" Line 1217: Element index 3 into memp is out of bounds
WARNING:HDLCompiler:1007 - "N:/P.28xd/rtf/verilog/src/unisims/ARAMB36_INTERNAL.v" Line 1233: Element index 1 into memp is out of bounds
WARNING:HDLCompiler:1007 - "N:/P.28xd/rtf/verilog/src/unisims/ARAMB36_INTERNAL.v" Line 1239: Element index 2 into memp is out of bounds
WARNING:HDLCompiler:1007 - "N:/P.28xd/rtf/verilog/src/unisims/ARAMB36_INTERNAL.v" Line 1245: Element index 3 into memp is out of bounds
WARNING:HDLCompiler:1007 - "N:/P.28xd/rtf/verilog/src/unisims/ARAMB36_INTERNAL.v" Line 1251: Element index 4 into memp is out of bounds
WARNING:HDLCompiler:1007 - "N:/P.28xd/rtf/verilog/src/unisims/ARAMB36_INTERNAL.v" Line 1257: Element index 5 into memp is out of bounds
WARNING:HDLCompiler:1007 - "N:/P.28xd/rtf/verilog/src/unisims/ARAMB36_INTERNAL.v" Line 1263: Element index 6 into memp is out of bounds
WARNING:HDLCompiler:1007 - "N:/P.28xd/rtf/verilog/src/unisims/ARAMB36_INTERNAL.v" Line 1269: Element index 7 into memp is out of bounds
WARNING:HDLCompiler:1007 - "N:/P.28xd/rtf/verilog/src/unisims/ARAMB36_INTERNAL.v" Line 1344: Element index 1 into memp is out of bounds
WARNING:HDLCompiler:1007 - "N:/P.28xd/rtf/verilog/src/unisims/ARAMB36_INTERNAL.v" Line 1365: Element index 1 into memp is out of bounds
WARNING:HDLCompiler:1007 - "N:/P.28xd/rtf/verilog/src/unisims/ARAMB36_INTERNAL.v" Line 1371: Element index 2 into memp is out of bounds
WARNING:HDLCompiler:1007 - "N:/P.28xd/rtf/verilog/src/unisims/ARAMB36_INTERNAL.v" Line 1377: Element index 3 into memp is out of bounds
WARNING:HDLCompiler:1007 - "N:/P.28xd/rtf/verilog/src/unisims/ARAMB36_INTERNAL.v" Line 1393: Element index 1 into memp is out of bounds
WARNING:HDLCompiler:1007 - "N:/P.28xd/rtf/verilog/src/unisims/ARAMB36_INTERNAL.v" Line 1399: Element index 2 into memp is out of bounds
WARNING:HDLCompiler:1007 - "N:/P.28xd/rtf/verilog/src/unisims/ARAMB36_INTERNAL.v" Line 1405: Element index 3 into memp is out of bounds
WARNING:HDLCompiler:1007 - "N:/P.28xd/rtf/verilog/src/unisims/ARAMB36_INTERNAL.v" Line 1411: Element index 4 into memp is out of bounds
WARNING:HDLCompiler:1007 - "N:/P.28xd/rtf/verilog/src/unisims/ARAMB36_INTERNAL.v" Line 1417: Element index 5 into memp is out of bounds
WARNING:HDLCompiler:1007 - "N:/P.28xd/rtf/verilog/src/unisims/ARAMB36_INTERNAL.v" Line 1423: Element index 6 into memp is out of bounds
WARNING:HDLCompiler:1007 - "N:/P.28xd/rtf/verilog/src/unisims/ARAMB36_INTERNAL.v" Line 1429: Element index 7 into memp is out of bounds
Completed static elaboration
Compiling module VCC
Compiling module GND
Compiling module FD
Compiling module SRL16E
Compiling module FDRE
Compiling module XORCY
Compiling module LUT2(INIT=4'b1001)
Compiling module MUXCY
Compiling module FDE
Compiling module DSP48E1(ADREG=0,ALUMODEREG=0,A_I...
Compiling module DSP48E1(ACASCREG=2,ADREG=0,ALUMO...
Compiling module DSP48E1(ACASCREG=2,ADREG=0,ALUMO...
Compiling module DSP48E1(ACASCREG=2,ADREG=0,ALUMO...
Compiling module LUT3(INIT=8'b11001010)
Compiling module LUT6(INIT=64'b111111110000000011...
Compiling module MUXF8
Compiling module MUXF7
Compiling module FDR
Compiling module FDS(INIT=1'b0)
Compiling module LUT4(INIT=16'b01)
Compiling module LUT5(INIT=32'b010001000100010001...
Compiling module LUT1(INIT=2'b10)
Compiling module INV
WARNING:HDLCompiler:1007 - "N:/P.28xd/rtf/verilog/src/unisims/RAMB18E1.v" Line 1304: Element index 1 into memp is out of bounds
WARNING:HDLCompiler:1007 - "N:/P.28xd/rtf/verilog/src/unisims/RAMB18E1.v" Line 1319: Element index 1 into memp is out of bounds
WARNING:HDLCompiler:1007 - "N:/P.28xd/rtf/verilog/src/unisims/RAMB18E1.v" Line 1323: Element index 2 into memp is out of bounds
WARNING:HDLCompiler:1007 - "N:/P.28xd/rtf/verilog/src/unisims/RAMB18E1.v" Line 1327: Element index 3 into memp is out of bounds
WARNING:HDLCompiler:1007 - "N:/P.28xd/rtf/verilog/src/unisims/RAMB18E1.v" Line 1425: Element index 1 into memp is out of bounds
WARNING:HDLCompiler:1007 - "N:/P.28xd/rtf/verilog/src/unisims/RAMB18E1.v" Line 1440: Element index 1 into memp is out of bounds
WARNING:HDLCompiler:1007 - "N:/P.28xd/rtf/verilog/src/unisims/RAMB18E1.v" Line 1444: Element index 2 into memp is out of bounds
WARNING:HDLCompiler:1007 - "N:/P.28xd/rtf/verilog/src/unisims/RAMB18E1.v" Line 1448: Element index 3 into memp is out of bounds
Compiling module RB18_INTERNAL_VLOG(DOA_REG=1,DOB...
Compiling module RAMB18E1(DOA_REG=1,DOB_REG=1,INI...
WARNING:HDLCompiler:1007 - "N:/P.28xd/rtf/verilog/src/unisims/RAMB36E1.v" Line 1632: Element index 2 into memp is out of bounds
WARNING:HDLCompiler:1007 - "N:/P.28xd/rtf/verilog/src/unisims/RAMB36E1.v" Line 1636: Element index 3 into memp is out of bounds
WARNING:HDLCompiler:1007 - "N:/P.28xd/rtf/verilog/src/unisims/RAMB36E1.v" Line 1753: Element index 2 into memp is out of bounds
WARNING:HDLCompiler:1007 - "N:/P.28xd/rtf/verilog/src/unisims/RAMB36E1.v" Line 1757: Element index 3 into memp is out of bounds
Compiling module RB36_INTERNAL_VLOG(DOA_REG=1,DOB...
Compiling module RAMB36E1(DOA_REG=1,DOB_REG=1,INI...
Compiling module SRLC16E
Compiling module DSP48E(CARRYINREG=0,CARRYINSELRE...
Compiling module ARAMB36_INTERNAL(DOA_REG=0,DOB_R...
Compiling module RAMB18(DOB_REG=1,READ_WIDTH_B=4,...
WARNING:HDLCompiler:1007 - "N:/P.28xd/rtf/verilog/src/unisims/ARAMB36_INTERNAL.v" Line 833: Element index 1 into memp is out of bounds
WARNING:HDLCompiler:1007 - "N:/P.28xd/rtf/verilog/src/unisims/ARAMB36_INTERNAL.v" Line 848: Element index 1 into memp is out of bounds
WARNING:HDLCompiler:1007 - "N:/P.28xd/rtf/verilog/src/unisims/ARAMB36_INTERNAL.v" Line 852: Element index 2 into memp is out of bounds
WARNING:HDLCompiler:1007 - "N:/P.28xd/rtf/verilog/src/unisims/ARAMB36_INTERNAL.v" Line 856: Element index 3 into memp is out of bounds
Compiling module ARAMB36_INTERNAL(DOA_REG=0,DOB_R...
Compiling module RAMB18(DOB_REG=1,READ_WIDTH_B=9,...
Compiling module SRLC32E
Compiling module fft_8192
Compiling module test_FULLFFT
Compiling module glbl
Time Resolution for simulation is 1ps.
Waiting for 3 sub-compilation(s) to finish...
Compiled 75 Verilog Units
Built simulation executable C:/Users/ssshahin/Desktop/12_11v2/12_11v2/Project_Base/test_FULLFFT_isim_beh.exe
Fuse Memory Usage: 98868 KB
Fuse CPU Usage: 3649 ms
