Release 14.2 - ngc2edif P.28xd (nt64)
Copyright (c) 1995-2012 Xilinx, Inc.  All rights reserved.
Reading design fft_8192.ngc ...
WARNING:NetListWriters:298 - No output is written to fft_8192.xncf, ignored.
Processing design ...
   Preping design's networks ...
   Preping design's macros ...
  finished :Prep
Writing EDIF netlist file fft_8192.edif ...
ngc2edif: Total memory usage is 90212 kilobytes

Release 14.2 - ngc2edif P.28xd (nt64)
Copyright (c) 1995-2012 Xilinx, Inc.  All rights reserved.
Reading design fft_8192.ngc ...
WARNING:NetListWriters:298 - No output is written to fft_8192.xncf, ignored.
Processing design ...
   Preping design's networks ...
   Preping design's macros ...
  finished :Prep
Writing EDIF netlist file fft_8192.edif ...
ngc2edif: Total memory usage is 89828 kilobytes

Release 14.2 - ngc2edif P.28xd (nt64)
Copyright (c) 1995-2012 Xilinx, Inc.  All rights reserved.
Reading design fft_8192.ngc ...
WARNING:NetListWriters:298 - No output is written to fft_8192.xncf, ignored.
Processing design ...
   Preping design's networks ...
   Preping design's macros ...
  finished :Prep
Writing EDIF netlist file fft_8192.edif ...
ngc2edif: Total memory usage is 89828 kilobytes

