03:12:24 INFO  : Registering command handlers for SDK TCF services
03:12:25 INFO  : Launching XSCT server: xsct.bat -interactive C:\Users\Philip\Desktop\Zedboard\zed_audio\zed_audio.sdk\temp_xsdb_launch_script.tcl
03:12:27 INFO  : XSCT server has started successfully.
03:12:27 INFO  : Successfully done setting XSCT server connection channel  
03:12:27 INFO  : Processing command line option -hwspec C:/Users/Philip/Desktop/Zedboard/zed_audio/zed_audio.sdk/design_1_wrapper.hdf.
03:12:27 INFO  : Successfully done setting SDK workspace  
03:49:52 INFO  : 'targets -set -filter {jtag_cable_name =~ "Digilent Zed 210248469417" && level==0} -index 1' command is executed.
03:49:52 INFO  : 'fpga -state' command is executed.
03:49:52 INFO  : Connected to target on host '127.0.0.1' and port '3121'.
03:49:52 INFO  : Jtag cable 'Digilent Zed 210248469417' is selected.
03:49:52 INFO  : 'jtag frequency' command is executed.
03:49:52 INFO  : Sourcing of 'C:/Users/Philip/Desktop/Zedboard/zed_audio/zed_audio.sdk/design_1_wrapper_hw_platform_0/ps7_init.tcl' is done.
03:49:53 INFO  : Context for 'APU' is selected.
03:49:53 INFO  : Hardware design information is loaded from 'C:/Users/Philip/Desktop/Zedboard/zed_audio/zed_audio.sdk/design_1_wrapper_hw_platform_0/system.hdf'.
03:49:53 INFO  : Context for 'APU' is selected.
03:49:54 INFO  : 'stop' command is executed.
03:49:59 INFO  : 'ps7_init' command is executed.
03:49:59 INFO  : 'ps7_post_config' command is executed.
03:49:59 INFO  : Context for processor 'ps7_cortexa9_0' is selected.
03:50:00 INFO  : Processor reset is completed for 'ps7_cortexa9_0'.
03:50:00 INFO  : Context for processor 'ps7_cortexa9_0' is selected.
03:50:00 INFO  : The application 'C:/Users/Philip/Desktop/Zedboard/zed_audio/zed_audio.sdk/audio_control/Debug/audio_control.elf' is downloaded to processor 'ps7_cortexa9_0'.
03:50:00 INFO  : ----------------XSDB Script----------------
connect -url tcp:127.0.0.1:3121
source C:/Users/Philip/Desktop/Zedboard/zed_audio/zed_audio.sdk/design_1_wrapper_hw_platform_0/ps7_init.tcl
targets -set -nocase -filter {name =~"APU*" && jtag_cable_name =~ "Digilent Zed 210248469417"} -index 0
loadhw C:/Users/Philip/Desktop/Zedboard/zed_audio/zed_audio.sdk/design_1_wrapper_hw_platform_0/system.hdf
targets -set -nocase -filter {name =~"APU*" && jtag_cable_name =~ "Digilent Zed 210248469417"} -index 0
stop
ps7_init
ps7_post_config
targets -set -nocase -filter {name =~ "ARM*#0" && jtag_cable_name =~ "Digilent Zed 210248469417"} -index 0
rst -processor
targets -set -nocase -filter {name =~ "ARM*#0" && jtag_cable_name =~ "Digilent Zed 210248469417"} -index 0
dow C:/Users/Philip/Desktop/Zedboard/zed_audio/zed_audio.sdk/audio_control/Debug/audio_control.elf
----------------End of Script----------------

03:50:00 INFO  : Memory regions updated for context APU
03:50:01 INFO  : Context for processor 'ps7_cortexa9_0' is selected.
03:50:01 INFO  : 'con' command is executed.
03:50:01 INFO  : ----------------XSDB Script (After Launch)----------------
targets -set -nocase -filter {name =~ "ARM*#0" && jtag_cable_name =~ "Digilent Zed 210248469417"} -index 0
con
----------------End of Script----------------

03:50:01 INFO  : Launch script is exported to file 'C:\Users\Philip\Desktop\Zedboard\zed_audio\zed_audio.sdk\.sdk\launch_scripts\xilinx_c-c++_application_(system_debugger)\system_debugger_using_debug_audio_control.elf_on_local.tcl'
03:55:47 INFO  : Disconnected from the channel tcfchan#1.
