
*** Running vivado
    with args -log design_1_adau1761_data_0_0.vds -m64 -product Vivado -mode batch -messageDb vivado.pb -notrace -source design_1_adau1761_data_0_0.tcl


****** Vivado v2016.3 (64-bit)
  **** SW Build 1682563 on Mon Oct 10 19:07:27 MDT 2016
  **** IP Build 1681267 on Mon Oct 10 21:28:31 MDT 2016
    ** Copyright 1986-2016 Xilinx, Inc. All Rights Reserved.

source design_1_adau1761_data_0_0.tcl -notrace
Command: synth_design -top design_1_adau1761_data_0_0 -part xc7z020clg484-1 -mode out_of_context
Starting synth_design
Attempting to get a license for feature 'Synthesis' and/or device 'xc7z020'
INFO: [Common 17-349] Got license for feature 'Synthesis' and/or device 'xc7z020'
INFO: Launching helper process for spawning children vivado processes
INFO: Helper process launched with PID 4480 
---------------------------------------------------------------------------------
Starting RTL Elaboration : Time (s): cpu = 00:00:07 ; elapsed = 00:00:09 . Memory (MB): peak = 291.684 ; gain = 82.566
---------------------------------------------------------------------------------
INFO: [Synth 8-638] synthesizing module 'design_1_adau1761_data_0_0' [c:/Users/Philip/Desktop/Zedboard/zed_audio/zed_audio.srcs/sources_1/bd/design_1/ip/design_1_adau1761_data_0_0/synth/design_1_adau1761_data_0_0.v:57]
INFO: [Synth 8-638] synthesizing module 'adau1761_data_v1_0' [c:/Users/Philip/Desktop/Zedboard/zed_audio/zed_audio.srcs/sources_1/bd/design_1/ipshared/703c/hdl/adau1761_data_v1_0.v:4]
	Parameter C_S00_AXI_DATA_WIDTH bound to: 32 - type: integer 
	Parameter C_S00_AXI_ADDR_WIDTH bound to: 5 - type: integer 
INFO: [Synth 8-638] synthesizing module 'adau1761_data_v1_0_S00_AXI' [c:/Users/Philip/Desktop/Zedboard/zed_audio/zed_audio.srcs/sources_1/bd/design_1/ipshared/703c/hdl/adau1761_data_v1_0_S00_AXI.v:4]
	Parameter C_S_AXI_DATA_WIDTH bound to: 32 - type: integer 
	Parameter C_S_AXI_ADDR_WIDTH bound to: 5 - type: integer 
	Parameter ADDR_LSB bound to: 2 - type: integer 
	Parameter OPT_MEM_ADDR_BITS bound to: 2 - type: integer 
INFO: [Synth 8-226] default block is never used [c:/Users/Philip/Desktop/Zedboard/zed_audio/zed_audio.srcs/sources_1/bd/design_1/ipshared/703c/hdl/adau1761_data_v1_0_S00_AXI.v:231]
INFO: [Synth 8-226] default block is never used [c:/Users/Philip/Desktop/Zedboard/zed_audio/zed_audio.srcs/sources_1/bd/design_1/ipshared/703c/hdl/adau1761_data_v1_0_S00_AXI.v:404]
INFO: [Synth 8-256] done synthesizing module 'adau1761_data_v1_0_S00_AXI' (1#1) [c:/Users/Philip/Desktop/Zedboard/zed_audio/zed_audio.srcs/sources_1/bd/design_1/ipshared/703c/hdl/adau1761_data_v1_0_S00_AXI.v:4]
INFO: [Synth 8-256] done synthesizing module 'adau1761_data_v1_0' (2#1) [c:/Users/Philip/Desktop/Zedboard/zed_audio/zed_audio.srcs/sources_1/bd/design_1/ipshared/703c/hdl/adau1761_data_v1_0.v:4]
INFO: [Synth 8-256] done synthesizing module 'design_1_adau1761_data_0_0' (3#1) [c:/Users/Philip/Desktop/Zedboard/zed_audio/zed_audio.srcs/sources_1/bd/design_1/ip/design_1_adau1761_data_0_0/synth/design_1_adau1761_data_0_0.v:57]
WARNING: [Synth 8-3331] design adau1761_data_v1_0_S00_AXI has unconnected port S_AXI_AWPROT[2]
WARNING: [Synth 8-3331] design adau1761_data_v1_0_S00_AXI has unconnected port S_AXI_AWPROT[1]
WARNING: [Synth 8-3331] design adau1761_data_v1_0_S00_AXI has unconnected port S_AXI_AWPROT[0]
WARNING: [Synth 8-3331] design adau1761_data_v1_0_S00_AXI has unconnected port S_AXI_ARPROT[2]
WARNING: [Synth 8-3331] design adau1761_data_v1_0_S00_AXI has unconnected port S_AXI_ARPROT[1]
WARNING: [Synth 8-3331] design adau1761_data_v1_0_S00_AXI has unconnected port S_AXI_ARPROT[0]
---------------------------------------------------------------------------------
Finished RTL Elaboration : Time (s): cpu = 00:00:09 ; elapsed = 00:00:10 . Memory (MB): peak = 329.223 ; gain = 120.105
---------------------------------------------------------------------------------

Report Check Netlist: 
+------+------------------+-------+---------+-------+------------------+
|      |Item              |Errors |Warnings |Status |Description       |
+------+------------------+-------+---------+-------+------------------+
|1     |multi_driven_nets |      0|        0|Passed |Multi driven nets |
+------+------------------+-------+---------+-------+------------------+
CRITICAL WARNING: [Synth 8-5543] Port 'adau1761_dac_sdata' in module 'adau1761_data_v1_0' has MARK_DEBUG and also connected to other port(s) having MARK_DEBUG; consider putting MARK_DEBUG on one only
---------------------------------------------------------------------------------
Finished RTL Optimization Phase 1 : Time (s): cpu = 00:00:09 ; elapsed = 00:00:10 . Memory (MB): peak = 329.223 ; gain = 120.105
---------------------------------------------------------------------------------
INFO: [Device 21-403] Loading part xc7z020clg484-1
INFO: [Project 1-570] Preparing netlist for logic optimization

Processing XDC Constraints
Initializing timing engine
Completed Processing XDC Constraints

INFO: [Project 1-111] Unisim Transformation Summary:
No Unisim elements were transformed.

Constraint Validation Runtime : Time (s): cpu = 00:00:00 ; elapsed = 00:00:00.039 . Memory (MB): peak = 639.574 ; gain = 0.156
---------------------------------------------------------------------------------
Finished Constraint Validation : Time (s): cpu = 00:00:20 ; elapsed = 00:00:22 . Memory (MB): peak = 639.574 ; gain = 430.457
---------------------------------------------------------------------------------
---------------------------------------------------------------------------------
Start Loading Part and Timing Information
---------------------------------------------------------------------------------
Loading part: xc7z020clg484-1
---------------------------------------------------------------------------------
Finished Loading Part and Timing Information : Time (s): cpu = 00:00:20 ; elapsed = 00:00:22 . Memory (MB): peak = 639.574 ; gain = 430.457
---------------------------------------------------------------------------------
---------------------------------------------------------------------------------
Start Applying 'set_property' XDC Constraints
---------------------------------------------------------------------------------
---------------------------------------------------------------------------------
Finished applying 'set_property' XDC Constraints : Time (s): cpu = 00:00:20 ; elapsed = 00:00:22 . Memory (MB): peak = 639.574 ; gain = 430.457
---------------------------------------------------------------------------------
---------------------------------------------------------------------------------
Finished RTL Optimization Phase 2 : Time (s): cpu = 00:00:21 ; elapsed = 00:00:23 . Memory (MB): peak = 639.574 ; gain = 430.457
---------------------------------------------------------------------------------

Report RTL Partitions: 
+-+--------------+------------+----------+
| |RTL Partition |Replication |Instances |
+-+--------------+------------+----------+
+-+--------------+------------+----------+
---------------------------------------------------------------------------------
Start RTL Component Statistics 
---------------------------------------------------------------------------------
Detailed RTL Component Info : 
+---Registers : 
	               32 Bit    Registers := 9     
	                5 Bit    Registers := 2     
	                2 Bit    Registers := 2     
	                1 Bit    Registers := 5     
+---Muxes : 
	   2 Input     32 Bit        Muxes := 8     
	   8 Input     32 Bit        Muxes := 8     
	   2 Input      1 Bit        Muxes := 4     
---------------------------------------------------------------------------------
Finished RTL Component Statistics 
---------------------------------------------------------------------------------
---------------------------------------------------------------------------------
Start RTL Hierarchical Component Statistics 
---------------------------------------------------------------------------------
Hierarchical RTL Component report 
Module adau1761_data_v1_0_S00_AXI 
Detailed RTL Component Info : 
+---Registers : 
	               32 Bit    Registers := 9     
	                5 Bit    Registers := 2     
	                2 Bit    Registers := 2     
	                1 Bit    Registers := 5     
+---Muxes : 
	   2 Input     32 Bit        Muxes := 8     
	   8 Input     32 Bit        Muxes := 8     
	   2 Input      1 Bit        Muxes := 4     
---------------------------------------------------------------------------------
Finished RTL Hierarchical Component Statistics
---------------------------------------------------------------------------------
---------------------------------------------------------------------------------
Start Part Resource Summary
---------------------------------------------------------------------------------
Part Resources:
DSPs: 220 (col length:60)
BRAMs: 280 (col length: RAMB18 60 RAMB36 30)
---------------------------------------------------------------------------------
Finished Part Resource Summary
---------------------------------------------------------------------------------
---------------------------------------------------------------------------------
Start Cross Boundary and Area Optimization
---------------------------------------------------------------------------------
WARNING: [Synth 8-3331] design adau1761_data_v1_0 has unconnected port s00_axi_awprot[2]
WARNING: [Synth 8-3331] design adau1761_data_v1_0 has unconnected port s00_axi_awprot[1]
WARNING: [Synth 8-3331] design adau1761_data_v1_0 has unconnected port s00_axi_awprot[0]
WARNING: [Synth 8-3331] design adau1761_data_v1_0 has unconnected port s00_axi_arprot[2]
WARNING: [Synth 8-3331] design adau1761_data_v1_0 has unconnected port s00_axi_arprot[1]
WARNING: [Synth 8-3331] design adau1761_data_v1_0 has unconnected port s00_axi_arprot[0]
INFO: [Synth 8-3886] merging instance 'inst/adau1761_data_v1_0_S00_AXI_inst/axi_rresp_reg[0]' (FDRE) to 'inst/adau1761_data_v1_0_S00_AXI_inst/axi_rresp_reg[1]'
INFO: [Synth 8-3333] propagating constant 0 across sequential element (inst/\adau1761_data_v1_0_S00_AXI_inst/axi_rresp_reg[1] )
INFO: [Synth 8-3886] merging instance 'inst/adau1761_data_v1_0_S00_AXI_inst/axi_bresp_reg[0]' (FDRE) to 'inst/adau1761_data_v1_0_S00_AXI_inst/axi_bresp_reg[1]'
INFO: [Synth 8-3333] propagating constant 0 across sequential element (inst/\adau1761_data_v1_0_S00_AXI_inst/axi_bresp_reg[1] )
WARNING: [Synth 8-3332] Sequential element (adau1761_data_v1_0_S00_AXI_inst/axi_bresp_reg[1]) is unused and will be removed from module adau1761_data_v1_0.
WARNING: [Synth 8-3332] Sequential element (adau1761_data_v1_0_S00_AXI_inst/axi_awaddr_reg[1]) is unused and will be removed from module adau1761_data_v1_0.
WARNING: [Synth 8-3332] Sequential element (adau1761_data_v1_0_S00_AXI_inst/axi_awaddr_reg[0]) is unused and will be removed from module adau1761_data_v1_0.
WARNING: [Synth 8-3332] Sequential element (adau1761_data_v1_0_S00_AXI_inst/axi_araddr_reg[1]) is unused and will be removed from module adau1761_data_v1_0.
WARNING: [Synth 8-3332] Sequential element (adau1761_data_v1_0_S00_AXI_inst/axi_araddr_reg[0]) is unused and will be removed from module adau1761_data_v1_0.
WARNING: [Synth 8-3332] Sequential element (adau1761_data_v1_0_S00_AXI_inst/axi_rresp_reg[1]) is unused and will be removed from module adau1761_data_v1_0.
---------------------------------------------------------------------------------
Finished Cross Boundary and Area Optimization : Time (s): cpu = 00:00:22 ; elapsed = 00:00:24 . Memory (MB): peak = 639.574 ; gain = 430.457
---------------------------------------------------------------------------------

Report RTL Partitions: 
+-+--------------+------------+----------+
| |RTL Partition |Replication |Instances |
+-+--------------+------------+----------+
+-+--------------+------------+----------+
---------------------------------------------------------------------------------
Start Timing Optimization
---------------------------------------------------------------------------------
---------------------------------------------------------------------------------
Start Applying XDC Timing Constraints
---------------------------------------------------------------------------------
---------------------------------------------------------------------------------
Finished Applying XDC Timing Constraints : Time (s): cpu = 00:00:35 ; elapsed = 00:00:37 . Memory (MB): peak = 639.574 ; gain = 430.457
---------------------------------------------------------------------------------
---------------------------------------------------------------------------------
Finished Timing Optimization : Time (s): cpu = 00:00:35 ; elapsed = 00:00:37 . Memory (MB): peak = 639.574 ; gain = 430.457
---------------------------------------------------------------------------------

Report RTL Partitions: 
+-+--------------+------------+----------+
| |RTL Partition |Replication |Instances |
+-+--------------+------------+----------+
+-+--------------+------------+----------+
---------------------------------------------------------------------------------
Start Technology Mapping
---------------------------------------------------------------------------------
---------------------------------------------------------------------------------
Finished Technology Mapping : Time (s): cpu = 00:00:35 ; elapsed = 00:00:37 . Memory (MB): peak = 639.574 ; gain = 430.457
---------------------------------------------------------------------------------

Report RTL Partitions: 
+-+--------------+------------+----------+
| |RTL Partition |Replication |Instances |
+-+--------------+------------+----------+
+-+--------------+------------+----------+
---------------------------------------------------------------------------------
Start IO Insertion
---------------------------------------------------------------------------------
---------------------------------------------------------------------------------
Start Flattening Before IO Insertion
---------------------------------------------------------------------------------
---------------------------------------------------------------------------------
Finished Flattening Before IO Insertion
---------------------------------------------------------------------------------
---------------------------------------------------------------------------------
Start Final Netlist Cleanup
---------------------------------------------------------------------------------
---------------------------------------------------------------------------------
Finished Final Netlist Cleanup
---------------------------------------------------------------------------------
---------------------------------------------------------------------------------
Finished IO Insertion : Time (s): cpu = 00:00:36 ; elapsed = 00:00:38 . Memory (MB): peak = 639.574 ; gain = 430.457
---------------------------------------------------------------------------------

Report Check Netlist: 
+------+------------------+-------+---------+-------+------------------+
|      |Item              |Errors |Warnings |Status |Description       |
+------+------------------+-------+---------+-------+------------------+
|1     |multi_driven_nets |      0|        0|Passed |Multi driven nets |
+------+------------------+-------+---------+-------+------------------+
---------------------------------------------------------------------------------
Start Renaming Generated Instances
---------------------------------------------------------------------------------
---------------------------------------------------------------------------------
Finished Renaming Generated Instances : Time (s): cpu = 00:00:36 ; elapsed = 00:00:38 . Memory (MB): peak = 639.574 ; gain = 430.457
---------------------------------------------------------------------------------

Report RTL Partitions: 
+-+--------------+------------+----------+
| |RTL Partition |Replication |Instances |
+-+--------------+------------+----------+
+-+--------------+------------+----------+
---------------------------------------------------------------------------------
Start Rebuilding User Hierarchy
---------------------------------------------------------------------------------
---------------------------------------------------------------------------------
Finished Rebuilding User Hierarchy : Time (s): cpu = 00:00:36 ; elapsed = 00:00:38 . Memory (MB): peak = 639.574 ; gain = 430.457
---------------------------------------------------------------------------------
---------------------------------------------------------------------------------
Start Renaming Generated Ports
---------------------------------------------------------------------------------
---------------------------------------------------------------------------------
Finished Renaming Generated Ports : Time (s): cpu = 00:00:36 ; elapsed = 00:00:38 . Memory (MB): peak = 639.574 ; gain = 430.457
---------------------------------------------------------------------------------
CRITICAL WARNING: [Synth 8-5543] Port 'adau1761_dac_sdata' in module 'adau1761_data_v1_0' has MARK_DEBUG and also connected to other port(s) having MARK_DEBUG; consider putting MARK_DEBUG on one only
---------------------------------------------------------------------------------
Start Handling Custom Attributes
---------------------------------------------------------------------------------
---------------------------------------------------------------------------------
Finished Handling Custom Attributes : Time (s): cpu = 00:00:36 ; elapsed = 00:00:38 . Memory (MB): peak = 639.574 ; gain = 430.457
---------------------------------------------------------------------------------
---------------------------------------------------------------------------------
Start Renaming Generated Nets
---------------------------------------------------------------------------------
---------------------------------------------------------------------------------
Finished Renaming Generated Nets : Time (s): cpu = 00:00:36 ; elapsed = 00:00:38 . Memory (MB): peak = 639.574 ; gain = 430.457
---------------------------------------------------------------------------------
---------------------------------------------------------------------------------
Start Writing Synthesis Report
---------------------------------------------------------------------------------

Report BlackBoxes: 
+-+--------------+----------+
| |BlackBox name |Instances |
+-+--------------+----------+
+-+--------------+----------+

Report Cell Usage: 
+------+------+------+
|      |Cell  |Count |
+------+------+------+
|1     |LUT1  |     1|
|2     |LUT2  |     1|
|3     |LUT3  |    11|
|4     |LUT4  |     5|
|5     |LUT5  |    27|
|6     |LUT6  |    66|
|7     |MUXF7 |    32|
|8     |FDRE  |   299|
+------+------+------+

Report Instance Areas: 
+------+------------------------------------+---------------------------+------+
|      |Instance                            |Module                     |Cells |
+------+------------------------------------+---------------------------+------+
|1     |top                                 |                           |   442|
|2     |  inst                              |adau1761_data_v1_0         |   442|
|3     |    adau1761_data_v1_0_S00_AXI_inst |adau1761_data_v1_0_S00_AXI |   442|
+------+------------------------------------+---------------------------+------+
---------------------------------------------------------------------------------
Finished Writing Synthesis Report : Time (s): cpu = 00:00:36 ; elapsed = 00:00:38 . Memory (MB): peak = 639.574 ; gain = 430.457
---------------------------------------------------------------------------------
Synthesis finished with 0 errors, 1 critical warnings and 12 warnings.
Synthesis Optimization Runtime : Time (s): cpu = 00:00:20 ; elapsed = 00:00:26 . Memory (MB): peak = 639.574 ; gain = 113.398
Synthesis Optimization Complete : Time (s): cpu = 00:00:36 ; elapsed = 00:00:38 . Memory (MB): peak = 639.574 ; gain = 430.457
INFO: [Project 1-571] Translating synthesized netlist
INFO: [Project 1-570] Preparing netlist for logic optimization
INFO: [Opt 31-138] Pushed 0 inverter(s) to 0 load pin(s).
INFO: [Project 1-111] Unisim Transformation Summary:
No Unisim elements were transformed.

INFO: [Common 17-83] Releasing license: Synthesis
21 Infos, 18 Warnings, 2 Critical Warnings and 0 Errors encountered.
synth_design completed successfully
synth_design: Time (s): cpu = 00:00:34 ; elapsed = 00:00:35 . Memory (MB): peak = 639.574 ; gain = 423.750
INFO: [Common 17-1381] The checkpoint 'C:/Users/Philip/Desktop/Zedboard/zed_audio/zed_audio.runs/design_1_adau1761_data_0_0_synth_1/design_1_adau1761_data_0_0.dcp' has been generated.
